<?xml version="1.0" encoding="UTF-8"?>
<testsuite name="com.attendance.attendance.department.service.DeptServiceTest" tests="1" skipped="0" failures="0" errors="0" timestamp="2025-08-19T06:16:38.900Z" hostname="DESKTOP-C85M9PN" time="1.505">
  <properties/>
  <testcase name="selectDeptList()" classname="com.attendance.attendance.department.service.DeptServiceTest" time="1.505"/>
  <system-out><![CDATA[15:16:29.148 [Test worker] INFO org.springframework.test.context.support.AnnotationConfigContextLoaderUtils -- Could not detect default configuration classes for test class [com.attendance.attendance.department.service.DeptServiceTest]: DeptServiceTest does not declare any static, non-private, non-final, nested classes annotated with @Configuration.
15:16:29.249 [Test worker] INFO org.springframework.boot.test.context.SpringBootTestContextBootstrapper -- Found @SpringBootConfiguration com.attendance.attendance.AttendanceApplication for test class com.attendance.attendance.department.service.DeptServiceTest

  .   ____          _            __ _ _
 /\\ / ___'_ __ _ _(_)_ __  __ _ \ \ \ \
( ( )\___ | '_ | '_| | '_ \/ _` | \ \ \ \
 \\/  ___)| |_)| | | | | || (_| |  ) ) ) )
  '  |____| .__|_| |_|_| |_\__, | / / / /
 =========|_|==============|___/=/_/_/_/

 :: Spring Boot ::                (v3.4.8)

2025-08-19T15:16:29.574+09:00  INFO 13896 --- [attendance] [    Test worker] c.a.a.d.service.DeptServiceTest          : Starting DeptServiceTest using Java 17.0.16 with PID 13896 (started by user in C:\Work\hello\attendance)
2025-08-19T15:16:29.574+09:00  INFO 13896 --- [attendance] [    Test worker] c.a.a.d.service.DeptServiceTest          : No active profile set, falling back to 1 default profile: "default"
2025-08-19T15:16:30.029+09:00  INFO 13896 --- [attendance] [    Test worker] .s.d.r.c.RepositoryConfigurationDelegate : Bootstrapping Spring Data JPA repositories in DEFAULT mode.
2025-08-19T15:16:30.093+09:00  INFO 13896 --- [attendance] [    Test worker] .s.d.r.c.RepositoryConfigurationDelegate : Finished Spring Data repository scanning in 50 ms. Found 5 JPA repository interfaces.
2025-08-19T15:16:30.614+09:00  INFO 13896 --- [attendance] [    Test worker] o.hibernate.jpa.internal.util.LogHelper  : HHH000204: Processing PersistenceUnitInfo [name: default]
2025-08-19T15:16:30.677+09:00  INFO 13896 --- [attendance] [    Test worker] org.hibernate.Version                    : HHH000412: Hibernate ORM core version 6.6.22.Final
2025-08-19T15:16:30.705+09:00  INFO 13896 --- [attendance] [    Test worker] o.h.c.internal.RegionFactoryInitiator    : HHH000026: Second-level cache disabled
2025-08-19T15:16:30.930+09:00  INFO 13896 --- [attendance] [    Test worker] o.s.o.j.p.SpringPersistenceUnitInfo      : No LoadTimeWeaver setup: ignoring JPA class transformer
2025-08-19T15:16:30.946+09:00  INFO 13896 --- [attendance] [    Test worker] com.zaxxer.hikari.HikariDataSource       : HikariPool-1 - Starting...
2025-08-19T15:16:36.285+09:00  INFO 13896 --- [attendance] [    Test worker] com.zaxxer.hikari.pool.HikariPool        : HikariPool-1 - Added connection oracle.jdbc.driver.T4CConnection@4f2544b0
2025-08-19T15:16:36.291+09:00  INFO 13896 --- [attendance] [    Test worker] com.zaxxer.hikari.HikariDataSource       : HikariPool-1 - Start completed.
2025-08-19T15:16:36.404+09:00  WARN 13896 --- [attendance] [    Test worker] org.hibernate.orm.deprecation            : HHH90000025: OracleDialect does not need to be specified explicitly using 'hibernate.dialect' (remove the property setting and it will be selected by default)
2025-08-19T15:16:36.717+09:00  INFO 13896 --- [attendance] [    Test worker] org.hibernate.orm.connections.pooling    : HHH10001005: Database info:
	Database JDBC URL [Connecting through datasource 'HikariDataSource (HikariPool-1)']
	Database driver: undefined/unknown
	Database version: 21.3
	Autocommit mode: undefined/unknown
	Isolation level: undefined/unknown
	Minimum pool size: undefined/unknown
	Maximum pool size: undefined/unknown
2025-08-19T15:16:37.375+09:00  INFO 13896 --- [attendance] [    Test worker] o.h.e.t.j.p.i.JtaPlatformInitiator       : HHH000489: No JTA platform available (set 'hibernate.transaction.jta.platform' to enable JTA platform integration)
2025-08-19T15:16:37.377+09:00  INFO 13896 --- [attendance] [    Test worker] j.LocalContainerEntityManagerFactoryBean : Initialized JPA EntityManagerFactory for persistence unit 'default'
2025-08-19T15:16:37.665+09:00  INFO 13896 --- [attendance] [    Test worker] o.s.d.j.r.query.QueryEnhancerFactory     : Hibernate is in classpath; If applicable, HQL parser will be used.
2025-08-19T15:16:38.166+09:00  WARN 13896 --- [attendance] [    Test worker] JpaBaseConfiguration$JpaWebConfiguration : spring.jpa.open-in-view is enabled by default. Therefore, database queries may be performed during view rendering. Explicitly configure spring.jpa.open-in-view to disable this warning
2025-08-19T15:16:38.212+09:00  WARN 13896 --- [attendance] [    Test worker] .s.s.UserDetailsServiceAutoConfiguration : 

Using generated security password: 90a209c7-f937-4c3d-94df-1478b338aca4

This generated password is for development use only. Your security configuration must be updated before running your application in production.

2025-08-19T15:16:38.231+09:00  INFO 13896 --- [attendance] [    Test worker] r$InitializeUserDetailsManagerConfigurer : Global AuthenticationManager configured with UserDetailsService bean with name inMemoryUserDetailsManager
2025-08-19T15:16:38.879+09:00  INFO 13896 --- [attendance] [    Test worker] c.a.a.d.service.DeptServiceTest          : Started DeptServiceTest in 9.495 seconds (process running for 10.304)
2025-08-19T15:16:39.227+09:00 DEBUG 13896 --- [attendance] [    Test worker] org.hibernate.SQL                        : 
    select
        d1_0.dept_id,
        d1_0.dept_name,
        d1_0.location 
    from
        department d1_0 
    where
        d1_0.dept_name like ? 
    fetch
        first ? rows only
2025-08-19T15:16:39.868+09:00 TRACE 13896 --- [attendance] [    Test worker] org.hibernate.orm.jdbc.bind              : binding parameter (1:VARCHAR) <- [%%]
2025-08-19T15:16:39.868+09:00 TRACE 13896 --- [attendance] [    Test worker] org.hibernate.orm.jdbc.bind              : binding parameter (2:INTEGER) <- [3]
2025-08-19T15:16:40.313+09:00 DEBUG 13896 --- [attendance] [    Test worker] org.hibernate.SQL                        : 
    select
        count(d1_0.dept_id) 
    from
        department d1_0 
    where
        d1_0.dept_name like ?
2025-08-19T15:16:40.313+09:00 TRACE 13896 --- [attendance] [    Test worker] org.hibernate.orm.jdbc.bind              : binding parameter (1:VARCHAR) <- [%%]
2025-08-19T15:16:40.401+09:00  INFO 13896 --- [attendance] [    Test worker] c.a.a.d.service.DeptServiceTest          : 테스트 : [DeptDto(deptId=10, deptName=인사팀, location=서울 본사), DeptDto(deptId=20, deptName=개발팀, location=판교 지사), DeptDto(deptId=30, deptName=영업팀, location=부산 지사)]
]]></system-out>
  <system-err><![CDATA[]]></system-err>
</testsuite>
